0 info it worked if it ends with ok
1 verbose cli [ '/usr/bin/node',
1 verbose cli   '/usr/bin/npm',
1 verbose cli   'install',
1 verbose cli   'jquery-ui-datepicker',
1 verbose cli   '--save-dev' ]
2 info using npm@1.4.28
3 info using node@v0.10.37
4 verbose node symlink /usr/bin/node
5 warn package.json projKalendarzSass@1.0.0 No description
6 warn package.json projKalendarzSass@1.0.0 No repository field.
7 warn package.json projKalendarzSass@1.0.0 No README data
8 verbose readDependencies using package.json deps
9 verbose cache add [ 'jquery-ui-datepicker', null ]
10 verbose cache add name=undefined spec="jquery-ui-datepicker" args=["jquery-ui-datepicker",null]
11 verbose parsed url { protocol: null,
11 verbose parsed url   slashes: null,
11 verbose parsed url   auth: null,
11 verbose parsed url   host: null,
11 verbose parsed url   port: null,
11 verbose parsed url   hostname: null,
11 verbose parsed url   hash: null,
11 verbose parsed url   search: null,
11 verbose parsed url   query: null,
11 verbose parsed url   pathname: 'jquery-ui-datepicker',
11 verbose parsed url   path: 'jquery-ui-datepicker',
11 verbose parsed url   href: 'jquery-ui-datepicker' }
12 silly lockFile a3b015d0-jquery-ui-datepicker jquery-ui-datepicker
13 verbose lock jquery-ui-datepicker /home/paulina/.npm/a3b015d0-jquery-ui-datepicker.lock
14 silly lockFile a3b015d0-jquery-ui-datepicker jquery-ui-datepicker
15 silly lockFile a3b015d0-jquery-ui-datepicker jquery-ui-datepicker
16 verbose addNamed [ 'jquery-ui-datepicker', '' ]
17 verbose addNamed [ null, '*' ]
18 silly lockFile 10a1db99-jquery-ui-datepicker jquery-ui-datepicker@
19 verbose lock jquery-ui-datepicker@ /home/paulina/.npm/10a1db99-jquery-ui-datepicker.lock
20 silly addNameRange { name: 'jquery-ui-datepicker', range: '*', hasData: false }
21 verbose request where is /jquery-ui-datepicker
22 verbose request registry https://registry.npmjs.org/
23 verbose request id a4917404b675f37f
24 verbose url raw /jquery-ui-datepicker
25 verbose url resolving [ 'https://registry.npmjs.org/', './jquery-ui-datepicker' ]
26 verbose url resolved https://registry.npmjs.org/jquery-ui-datepicker
27 verbose request where is https://registry.npmjs.org/jquery-ui-datepicker
28 info trying registry request attempt 1 at 11:23:55
29 http GET https://registry.npmjs.org/jquery-ui-datepicker
30 http 404 https://registry.npmjs.org/jquery-ui-datepicker
31 silly registry.get cb [ 404,
31 silly registry.get   { 'content-type': 'application/json',
31 silly registry.get     'cache-control': 'max-age=0',
31 silly registry.get     'content-length': '2',
31 silly registry.get     'accept-ranges': 'bytes',
31 silly registry.get     date: 'Wed, 09 Dec 2015 10:23:56 GMT',
31 silly registry.get     via: '1.1 varnish',
31 silly registry.get     age: '0',
31 silly registry.get     connection: 'keep-alive',
31 silly registry.get     'x-served-by': 'cache-fra1232-FRA',
31 silly registry.get     'x-cache': 'MISS',
31 silly registry.get     'x-cache-hits': '0',
31 silly registry.get     'x-timer': 'S1449656636.093017,VS0,VE188' } ]
32 silly lockFile 10a1db99-jquery-ui-datepicker jquery-ui-datepicker@
33 silly lockFile 10a1db99-jquery-ui-datepicker jquery-ui-datepicker@
34 error 404 Not Found
34 error 404
34 error 404 'jquery-ui-datepicker' is not in the npm registry.
34 error 404 You should bug the author to publish it
34 error 404 It was specified as a dependency of 'projKalendarzSass'
34 error 404
34 error 404 Note that you can also install from a
34 error 404 tarball, folder, or http url, or git url.
35 error System Linux 3.16.0-38-generic
36 error command "/usr/bin/node" "/usr/bin/npm" "install" "jquery-ui-datepicker" "--save-dev"
37 error cwd /var/www/html/projKalendarzSass
38 error node -v v0.10.37
39 error npm -v 1.4.28
40 error code E404
41 verbose exit [ 1, true ]
